<?xml version="1.0" encoding="UTF-8"?>
<testsuite name="com.reminderapp.service.ReminderEngineCycleTest" tests="11" skipped="0" failures="0" errors="0" timestamp="2026-08-15T15:59:53" hostname="MacBook-Pro.local" time="0.003">
  <properties/>
  <testcase name="once 周期返回锚点不前进" classname="com.reminderapp.service.ReminderEngineCycleTest" time="0.0"/>
  <testcase name="daily 过去锚点推进为整周期" classname="com.reminderapp.service.ReminderEngineCycleTest" time="0.001"/>
  <testcase name="yearly 锚点2月29日只落在闰年" classname="com.reminderapp.service.ReminderEngineCycleTest" time="0.0"/>
  <testcase name="锚点在未来时不推进" classname="com.reminderapp.service.ReminderEngineCycleTest" time="0.0"/>
  <testcase name="monthly 按日历月累加且月末对齐不漂移" classname="com.reminderapp.service.ReminderEngineCycleTest" time="0.001"/>
  <testcase name="confirm 一次性提醒归档为已完成" classname="com.reminderapp.service.ReminderEngineCycleTest" time="0.0"/>
  <testcase name="weekly 过去锚点推进为整周" classname="com.reminderapp.service.ReminderEngineCycleTest" time="0.0"/>
  <testcase name="极端过去锚点不返回过去时间" classname="com.reminderapp.service.ReminderEngineCycleTest" time="0.0"/>
  <testcase name="confirm 后周期前进并重置 retryCount" classname="com.reminderapp.service.ReminderEngineCycleTest" time="0.001"/>
  <testcase name="custom 3天过去锚点推进为 3 天整周期" classname="com.reminderapp.service.ReminderEngineCycleTest" time="0.0"/>
  <testcase name="biweekly 过去锚点推进为两周" classname="com.reminderapp.service.ReminderEngineCycleTest" time="0.0"/>
  <system-out><![CDATA[]]></system-out>
  <system-err><![CDATA[]]></system-err>
</testsuite>
