<?xml version="1.0" encoding="UTF-8"?>
<testsuite name="com.reminderapp.service.NaturalDateParserTest" tests="4" skipped="0" failures="0" errors="0" timestamp="2026-08-15T15:59:53" hostname="MacBook-Pro.local" time="0.004">
  <properties/>
  <testcase name="下周一 解析为下周一" classname="com.reminderapp.service.NaturalDateParserTest" time="0.002"/>
  <testcase name="上周一 解析为上周一" classname="com.reminderapp.service.NaturalDateParserTest" time="0.001"/>
  <testcase name="上周日 解析为上周日" classname="com.reminderapp.service.NaturalDateParserTest" time="0.0"/>
  <testcase name="周一 在本周已过时顺延到下周一" classname="com.reminderapp.service.NaturalDateParserTest" time="0.001"/>
  <system-out><![CDATA[]]></system-out>
  <system-err><![CDATA[]]></system-err>
</testsuite>
