<?xml version="1.0" encoding="UTF-8"?>
<testsuite name="com.reminderapp.service.BackupServiceTest" tests="7" skipped="0" failures="0" errors="0" timestamp="2026-08-15T15:59:52" hostname="MacBook-Pro.local" time="0.032">
  <properties/>
  <testcase name="协议v2 fixture 完整解析" classname="com.reminderapp.service.BackupServiceTest" time="0.012"/>
  <testcase name="协议v1 旧文件兼容解析" classname="com.reminderapp.service.BackupServiceTest" time="0.001"/>
  <testcase name="导入导出往返保持关键字段" classname="com.reminderapp.service.BackupServiceTest" time="0.004"/>
  <testcase name="导出包含 schemaVersion 与 syncId" classname="com.reminderapp.service.BackupServiceTest" time="0.003"/>
  <testcase name="ensureSyncId 缺失时补 UUID 且保留已有值" classname="com.reminderapp.service.BackupServiceTest" time="0.001"/>
  <testcase name="dedupeByFingerprint 过滤与现有完全相同的条目" classname="com.reminderapp.service.BackupServiceTest" time="0.011"/>
  <testcase name="指纹区分同名但时间或备注不同的条目" classname="com.reminderapp.service.BackupServiceTest" time="0.0"/>
  <system-out><![CDATA[]]></system-out>
  <system-err><![CDATA[]]></system-err>
</testsuite>
