<?xml version="1.0" encoding="UTF-8"?>
<testsuite name="com.reminderapp.service.LunarCalendarRegressionTest" tests="10" skipped="0" failures="0" errors="0" timestamp="2026-08-15T15:59:52" hostname="MacBook-Pro.local" time="0.814">
  <properties/>
  <testcase name="无年三十年份腊月三十官方不存在" classname="com.reminderapp.service.LunarCalendarRegressionTest" time="0.14"/>
  <testcase name="近10年春节正月初一公历对照" classname="com.reminderapp.service.LunarCalendarRegressionTest" time="0.078"/>
  <testcase name="2027春节官方口径修正_ICU差1天" classname="com.reminderapp.service.LunarCalendarRegressionTest" time="0.078"/>
  <testcase name="2020闰四月" classname="com.reminderapp.service.LunarCalendarRegressionTest" time="0.077"/>
  <testcase name="2023闰二月" classname="com.reminderapp.service.LunarCalendarRegressionTest" time="0.076"/>
  <testcase name="2025-2030春节官方口径锚点" classname="com.reminderapp.service.LunarCalendarRegressionTest" time="0.076"/>
  <testcase name="2026年六月三十_公历8月12日" classname="com.reminderapp.service.LunarCalendarRegressionTest" time="0.073"/>
  <testcase name="农历生日跨年" classname="com.reminderapp.service.LunarCalendarRegressionTest" time="0.073"/>
  <testcase name="不存在的日期被往返校验拦截" classname="com.reminderapp.service.LunarCalendarRegressionTest" time="0.071"/>
  <testcase name="平移年份农历日连续且反向一致" classname="com.reminderapp.service.LunarCalendarRegressionTest" time="0.072"/>
  <system-out><![CDATA[]]></system-out>
  <system-err><![CDATA[]]></system-err>
</testsuite>
